<?xml version="1.0" encoding="UTF-8"?>
<testsuite name="com.jrutkin.listwiz.ListWizUnitTests" tests="1" skipped="0" failures="0" errors="0" timestamp="2022-12-05T22:55:22" hostname="Josephs-MacBook-Air.local" time="0.001">
  <properties/>
  <testcase name="createTask" classname="com.jrutkin.listwiz.ListWizUnitTests" time="0.001"/>
  <system-out><![CDATA[]]></system-out>
  <system-err><![CDATA[]]></system-err>
</testsuite>
